d:\projects\swapp\swapp\swapp\x64\debug\vc142.pdb
d:\projects\swapp\swapp\swapp\x64\debug\vc142.idb
c:\users\ply\desktop\files\projects\swapp\swapp\swapp\x64\debug\vc142.pdb
c:\users\ply\desktop\files\projects\swapp\swapp\swapp\x64\debug\vc142.idb
c:\users\ply\desktop\files\projects\swapp\swapp\swapp\x64\debug\stb_image.obj
c:\users\ply\desktop\files\projects\swapp\swapp\swapp\x64\debug\glm.obj
c:\users\ply\desktop\files\projects\swapp\swapp\swapp\x64\debug\vertexbuffer.obj
c:\users\ply\desktop\files\projects\swapp\swapp\swapp\x64\debug\vertexarray.obj
c:\users\ply\desktop\files\projects\swapp\swapp\swapp\x64\debug\uniformbuffer.obj
c:\users\ply\desktop\files\projects\swapp\swapp\swapp\x64\debug\texture.obj
c:\users\ply\desktop\files\projects\swapp\swapp\swapp\x64\debug\shader.obj
c:\users\ply\desktop\files\projects\swapp\swapp\swapp\x64\debug\renderer.obj
c:\users\ply\desktop\files\projects\swapp\swapp\swapp\x64\debug\model.obj
c:\users\ply\desktop\files\projects\swapp\swapp\swapp\x64\debug\mesh.obj
c:\users\ply\desktop\files\projects\swapp\swapp\swapp\x64\debug\main.obj
c:\users\ply\desktop\files\projects\swapp\swapp\swapp\x64\debug\instancebuffer.obj
c:\users\ply\desktop\files\projects\swapp\swapp\swapp\x64\debug\indexbuffer.obj
c:\users\ply\desktop\files\projects\swapp\swapp\swapp\x64\debug\imguibuild.obj
c:\users\ply\desktop\files\projects\swapp\swapp\swapp\x64\debug\application.obj
c:\users\ply\desktop\files\projects\swapp\swapp\swapp\x64\debug\framebuffer.obj
c:\users\ply\desktop\files\projects\swapp\swapp\swapp\x64\debug\camera.obj
c:\users\ply\desktop\files\projects\swapp\swapp\swapp\x64\debug\dummy.obj
c:\users\ply\desktop\files\projects\swapp\swapp\swapp\x64\debug\light.obj
c:\users\ply\desktop\files\projects\swapp\swapp\swapp\x64\debug\skybox.obj
c:\users\ply\desktop\files\projects\swapp\swapp\swapp\x64\debug\application.obj.enc
c:\users\ply\desktop\files\projects\swapp\swapp\swapp\x64\debug\main.obj.enc
c:\users\ply\desktop\files\projects\swapp\swapp\swapp\x64\debug\sldworks.tlh
c:\users\ply\desktop\files\projects\swapp\swapp\swapp\x64\debug\swconst.tlh
c:\users\ply\desktop\files\projects\swapp\swapp\swapp\x64\debug\swdimxpert.tlh
c:\users\ply\desktop\files\projects\swapp\swapp\x64\debug\swapp.pdb
c:\users\ply\desktop\files\projects\swapp\swapp\x64\debug\swapp.ilk
c:\users\ply\desktop\files\projects\swapp\swapp\swapp\x64\debug\swapp.tlog\cl.command.1.tlog
c:\users\ply\desktop\files\projects\swapp\swapp\swapp\x64\debug\swapp.tlog\cl.read.1.tlog
c:\users\ply\desktop\files\projects\swapp\swapp\swapp\x64\debug\swapp.tlog\cl.write.1.tlog
c:\users\ply\desktop\files\projects\swapp\swapp\swapp\x64\debug\swapp.tlog\link.61328.read.1.tlog
c:\users\ply\desktop\files\projects\swapp\swapp\swapp\x64\debug\swapp.tlog\link.61328.read.3.tlog
c:\users\ply\desktop\files\projects\swapp\swapp\swapp\x64\debug\swapp.tlog\link.61328.write.1.tlog
c:\users\ply\desktop\files\projects\swapp\swapp\swapp\x64\debug\swapp.tlog\link.command.1.tlog
c:\users\ply\desktop\files\projects\swapp\swapp\swapp\x64\debug\swapp.tlog\link.delete.1.tlog
c:\users\ply\desktop\files\projects\swapp\swapp\swapp\x64\debug\swapp.tlog\link.read.1.tlog
c:\users\ply\desktop\files\projects\swapp\swapp\swapp\x64\debug\swapp.tlog\link.read.2.tlog
c:\users\ply\desktop\files\projects\swapp\swapp\swapp\x64\debug\swapp.tlog\link.write.1.tlog
