  Application.cpp
C:\Users\PLY\Desktop\Files\Projects\SWApp\SWApp\SWApp\src\Application.cpp(1188,40): warning C4267: “=”: 从“size_t”转换到“long”，可能丢失数据
C:\Users\PLY\Desktop\Files\Projects\SWApp\SWApp\SWApp\src\Application.cpp(1625,75): warning C4305: “参数”: 从“double”到“float”截断
C:\Users\PLY\Desktop\Files\Projects\SWApp\SWApp\SWApp\src\Application.cpp(1628,76): warning C4305: “参数”: 从“double”到“float”截断
C:\Users\PLY\Desktop\Files\Projects\SWApp\SWApp\SWApp\src\Application.cpp(1631,76): warning C4305: “参数”: 从“double”到“float”截断
C:\Users\PLY\Desktop\Files\Projects\SWApp\SWApp\SWApp\src\Application.cpp(1637,76): warning C4305: “参数”: 从“double”到“float”截断
C:\Users\PLY\Desktop\Files\Projects\SWApp\SWApp\SWApp\src\Application.cpp(1640,75): warning C4305: “参数”: 从“double”到“float”截断
C:\Users\PLY\Desktop\Files\Projects\SWApp\SWApp\SWApp\src\Application.cpp(1643,75): warning C4305: “参数”: 从“double”到“float”截断
C:\Users\PLY\Desktop\Files\Projects\SWApp\SWApp\SWApp\src\Application.cpp(1646,75): warning C4305: “参数”: 从“double”到“float”截断
C:\Users\PLY\Desktop\Files\Projects\SWApp\SWApp\SWApp\src\Application.cpp(1720,4): warning C4267: “初始化”: 从“size_t”转换到“int”，可能丢失数据
C:\Users\PLY\Desktop\Files\Projects\SWApp\SWApp\SWApp\src\Application.cpp(1896,87): warning C4267: “参数”: 从“size_t”转换到“int”，可能丢失数据
C:\Users\PLY\Desktop\Files\Projects\SWApp\SWApp\SWApp\src\Application.cpp(1899,84): warning C4267: “参数”: 从“size_t”转换到“int”，可能丢失数据
C:\Users\PLY\Desktop\Files\Projects\SWApp\SWApp\SWApp\src\Application.cpp(1910,75): warning C4267: “参数”: 从“size_t”转换到“int”，可能丢失数据
LINK : warning LNK4098: 默认库“LIBCMT”与其他库的使用冲突；请使用 /NODEFAULTLIB:library
  正在生成代码
  Previous IPDB and IOBJ mismatch, fall back to full compilation.
C:\Users\PLY\Desktop\Files\Projects\SWApp\SWApp\SWApp\src\VertexAttribLayout.h(18): warning C4715: “VertexAttribElement::GetSizeOfType”: 不是所有的控件路径都返回值
C:\Users\PLY\Desktop\Files\Projects\SWApp\SWApp\SWApp\src\Application.cpp(1445): warning C4715: “MyApp::MyApplication::ReadSafeArray”: 不是所有的控件路径都返回值
C:\Users\PLY\Desktop\Files\Projects\SWApp\SWApp\SWApp\src\main.cpp(764): warning C4715: “GetVertex2D”: 不是所有的控件路径都返回值
C:\Users\PLY\Desktop\Files\Projects\SWApp\SWApp\SWApp\src\Model.cpp(296): warning C4715: “Model::GetNormal”: 不是所有的控件路径都返回值
C:\Users\PLY\Desktop\Files\Projects\SWApp\SWApp\SWApp\src\Model.cpp(277): warning C4715: “Model::GetVertex3D”: 不是所有的控件路径都返回值
C:\Users\PLY\Desktop\Files\Projects\SWApp\SWApp\SWApp\src\main.cpp(1359): warning C4715: “Retrival”: 不是所有的控件路径都返回值
  All 4828 functions were compiled because no usable IPDB/IOBJ from previous compilation was found.
  已完成代码的生成
glew32s.lib(glew.obj) : warning LNK4099: 未找到 PDB“vc120.pdb”(使用“glew32s.lib(glew.obj)”或在“C:\Users\PLY\Desktop\Files\Projects\SWApp\SWApp\x64\Release\vc120.pdb”中寻找)；正在链接对象，如同没有调试信息一样
  SWApp.vcxproj -> C:\Users\PLY\Desktop\Files\Projects\SWApp\SWApp\x64\Release\SWApp.exe
